Using pre-set license
Built from '2020.3/release' branch; Version is '2020.3.7f1 (dd97f2c94397) revision 14522354'; Using compiler version '192528614'; Build Type 'Release'
OS: 'Windows 10 Enterprise; OS build 19041.1415; Version 2004; 64bit' Language: 'en' Physical Memory: 32683 MB
BatchMode: 1, IsHumanControllingUs: 0, StartBugReporterOnCrash: 0, Is64bit: 1, IsPro: 0

 COMMAND LINE ARGUMENTS:
C:\Program Files\Unity\Editor\Unity.exe
-adb2
-batchMode
-noUpm
-name
AssetImportWorker0
-projectPath
C:/Users/izois/Documents/BanditZois_GAD170_1
-logFile
Logs/AssetImportWorker0.log
-srvPort
51240
Successfully changed project path to: C:/Users/izois/Documents/BanditZois_GAD170_1
C:/Users/izois/Documents/BanditZois_GAD170_1
Using Asset Import Pipeline V2.
Refreshing native plugins compatible for Editor in 22.24 ms, found 0 plugins.
Preloading 0 native plugins for Editor in 0.00 ms.
Initialize engine version: 2020.3.7f1 (dd97f2c94397)
[Subsystems] Discovering subsystems at path C:/Program Files/Unity/Editor/Data/Resources/UnitySubsystems
[Subsystems] Discovering subsystems at path C:/Users/izois/Documents/BanditZois_GAD170_1/Assets
GfxDevice: creating device client; threaded=0
Direct3D:
    Version:  Direct3D 11.0 [level 11.1]
    Renderer: NVIDIA GeForce GTX 980 (ID=0x13c0)
    Vendor:   
    VRAM:     4053 MB
    Driver:   27.21.14.5671
Initialize mono
Mono path[0] = 'C:/Program Files/Unity/Editor/Data/Managed'
Mono path[1] = 'C:/Program Files/Unity/Editor/Data/MonoBleedingEdge/lib/mono/unityjit'
Mono config path = 'C:/Program Files/Unity/Editor/Data/MonoBleedingEdge/etc'
Using monoOptions --debugger-agent=transport=dt_socket,embedding=1,server=y,suspend=n,address=127.0.0.1:56644
Begin MonoManager ReloadAssembly
Registering precompiled unity dll's ...
Register platform support module: C:/Program Files/Unity/Editor/Data/PlaybackEngines/WindowsStandaloneSupport/UnityEditor.WindowsStandalone.Extensions.dll
Registered in 0.002713 seconds.
Native extension for WindowsStandalone target not found
Refreshing native plugins compatible for Editor in 23.36 ms, found 0 plugins.
Preloading 0 native plugins for Editor in 0.00 ms.
Mono: successfully reloaded assembly
- Completed reload, in  1.289 seconds
Platform modules already initialized, skipping
Registering precompiled user dll's ...
Registered in 0.001353 seconds.
Begin MonoManager ReloadAssembly
Native extension for WindowsStandalone target not found
Refreshing native plugins compatible for Editor in 0.28 ms, found 0 plugins.
Preloading 0 native plugins for Editor in 0.00 ms.
Mono: successfully reloaded assembly
- Completed reload, in  0.839 seconds
Platform modules already initialized, skipping
========================================================================
Worker process is ready to serve import requests
Launched and connected shader compiler UnityShaderCompiler.exe after 0.08 seconds
Refreshing native plugins compatible for Editor in 0.33 ms, found 0 plugins.
Preloading 0 native plugins for Editor in 0.00 ms.
Unloading 1115 Unused Serialized files (Serialized files now loaded: 0)
System memory in use before: 57.0 MB.
System memory in use after: 57.1 MB.

Unloading 9 unused Assets to reduce memory usage. Loaded Objects now: 1558.
Total: 2.712400 ms (FindLiveObjects: 0.296700 ms CreateObjectMapping: 0.103700 ms MarkObjects: 2.197200 ms  DeleteObjects: 0.112800 ms)

========================================================================
Received Import Request.
  path: Assets
  artifactKey: Guid(00000000000000001000000000000000) Importer(815301076,1909f56bfc062723c751e8b465ee728b)
Start importing Assets using Guid(00000000000000001000000000000000) Importer(815301076,1909f56bfc062723c751e8b465ee728b)  -> (artifact id: '5f6a1853b736837ecfb0820a881449cb') in 0.004465 seconds
  Import took 0.006210 seconds .

========================================================================
Received Import Request.
  Time since last request: 14.496232 seconds.
  path: Assets/Test.cs
  artifactKey: Guid(7f8cefb68ffd3824a9cfd95e81206677) Importer(815301076,1909f56bfc062723c751e8b465ee728b)
Start importing Assets/Test.cs using Guid(7f8cefb68ffd3824a9cfd95e81206677) Importer(815301076,1909f56bfc062723c751e8b465ee728b)  -> (artifact id: 'a18480c0c87c9a73042f7c250d1bc142') in 0.038437 seconds
  Import took 0.040229 seconds .

========================================================================
Received Prepare
Registering precompiled user dll's ...
Registered in 0.001441 seconds.
Begin MonoManager ReloadAssembly
Native extension for WindowsStandalone target not found
Refreshing native plugins compatible for Editor in 0.20 ms, found 0 plugins.
Preloading 0 native plugins for Editor in 0.00 ms.
Mono: successfully reloaded assembly
- Completed reload, in  0.823 seconds
Platform modules already initialized, skipping
Refreshing native plugins compatible for Editor in 0.24 ms, found 0 plugins.
Preloading 0 native plugins for Editor in 0.00 ms.
Unloading 1110 Unused Serialized files (Serialized files now loaded: 0)
System memory in use before: 56.8 MB.
System memory in use after: 56.9 MB.

Unloading 4 unused Assets to reduce memory usage. Loaded Objects now: 1562.
Total: 2.417200 ms (FindLiveObjects: 0.325000 ms CreateObjectMapping: 0.107500 ms MarkObjects: 1.915600 ms  DeleteObjects: 0.068100 ms)

========================================================================
Received Import Request.
  Time since last request: 2151.404174 seconds.
  path: Assets/Test.cs
  artifactKey: Guid(7f8cefb68ffd3824a9cfd95e81206677) Importer(815301076,1909f56bfc062723c751e8b465ee728b)
Start importing Assets/Test.cs using Guid(7f8cefb68ffd3824a9cfd95e81206677) Importer(815301076,1909f56bfc062723c751e8b465ee728b)  -> (artifact id: '180f039564a282110fb76c47b3f68c51') in 0.007203 seconds
  Import took 0.009854 seconds .

========================================================================
Received Import Request.
  Time since last request: 133.828391 seconds.
  path: Assets/Test.cs
  artifactKey: Guid(7f8cefb68ffd3824a9cfd95e81206677) Importer(815301076,1909f56bfc062723c751e8b465ee728b)
Start importing Assets/Test.cs using Guid(7f8cefb68ffd3824a9cfd95e81206677) Importer(815301076,1909f56bfc062723c751e8b465ee728b)  -> (artifact id: 'e9b40eec543e2351bc25128ac5463192') in 0.004386 seconds
  Import took 0.007809 seconds .

========================================================================
Received Import Request.
  Time since last request: 51.313467 seconds.
  path: Assets/Test.cs
  artifactKey: Guid(7f8cefb68ffd3824a9cfd95e81206677) Importer(815301076,1909f56bfc062723c751e8b465ee728b)
Start importing Assets/Test.cs using Guid(7f8cefb68ffd3824a9cfd95e81206677) Importer(815301076,1909f56bfc062723c751e8b465ee728b)  -> (artifact id: '6da488c0a99fa6ef5a7eacaaa77218f4') in 0.005454 seconds
  Import took 0.007741 seconds .

========================================================================
Received Import Request.
  Time since last request: 22.661221 seconds.
  path: Assets/Test.cs
  artifactKey: Guid(7f8cefb68ffd3824a9cfd95e81206677) Importer(815301076,1909f56bfc062723c751e8b465ee728b)
Start importing Assets/Test.cs using Guid(7f8cefb68ffd3824a9cfd95e81206677) Importer(815301076,1909f56bfc062723c751e8b465ee728b)  -> (artifact id: 'fa2bf9ba0aa32fff7707ba89b0cc2a56') in 0.002585 seconds
  Import took 0.004502 seconds .

========================================================================
Received Import Request.
  Time since last request: 25.408174 seconds.
  path: Assets/Test.cs
  artifactKey: Guid(7f8cefb68ffd3824a9cfd95e81206677) Importer(815301076,1909f56bfc062723c751e8b465ee728b)
Start importing Assets/Test.cs using Guid(7f8cefb68ffd3824a9cfd95e81206677) Importer(815301076,1909f56bfc062723c751e8b465ee728b)  -> (artifact id: 'd78c894abd758e2a2f07755b1aec70bb') in 0.003995 seconds
  Import took 0.006617 seconds .

========================================================================
Received Import Request.
  Time since last request: 271.749182 seconds.
  path: Assets/Test.cs
  artifactKey: Guid(7f8cefb68ffd3824a9cfd95e81206677) Importer(815301076,1909f56bfc062723c751e8b465ee728b)
Start importing Assets/Test.cs using Guid(7f8cefb68ffd3824a9cfd95e81206677) Importer(815301076,1909f56bfc062723c751e8b465ee728b)  -> (artifact id: '1034f3573d84e6fd3159869b2c0355cb') in 0.003938 seconds
  Import took 0.007095 seconds .

========================================================================
Received Import Request.
  Time since last request: 0.012659 seconds.
  path: Assets/Test.cs
  artifactKey: Guid(7f8cefb68ffd3824a9cfd95e81206677) Importer(815301076,1909f56bfc062723c751e8b465ee728b)
Start importing Assets/Test.cs using Guid(7f8cefb68ffd3824a9cfd95e81206677) Importer(815301076,1909f56bfc062723c751e8b465ee728b)  -> (artifact id: '1034f3573d84e6fd3159869b2c0355cb') in 0.003068 seconds
  Import took 0.005103 seconds .

========================================================================
Received Prepare
Registering precompiled user dll's ...
Registered in 0.001343 seconds.
Begin MonoManager ReloadAssembly
Native extension for WindowsStandalone target not found
Refreshing native plugins compatible for Editor in 0.26 ms, found 0 plugins.
Preloading 0 native plugins for Editor in 0.00 ms.
Mono: successfully reloaded assembly
- Completed reload, in  0.810 seconds
Platform modules already initialized, skipping
Refreshing native plugins compatible for Editor in 0.30 ms, found 0 plugins.
Preloading 0 native plugins for Editor in 0.00 ms.
Unloading 1110 Unused Serialized files (Serialized files now loaded: 0)
System memory in use before: 56.9 MB.
System memory in use after: 57.0 MB.

Unloading 4 unused Assets to reduce memory usage. Loaded Objects now: 1565.
Total: 2.465300 ms (FindLiveObjects: 0.266900 ms CreateObjectMapping: 0.035700 ms MarkObjects: 2.111900 ms  DeleteObjects: 0.048200 ms)

========================================================================
Received Prepare
Registering precompiled user dll's ...
Registered in 0.001708 seconds.
Begin MonoManager ReloadAssembly
Native extension for WindowsStandalone target not found
Refreshing native plugins compatible for Editor in 0.28 ms, found 0 plugins.
Preloading 0 native plugins for Editor in 0.00 ms.
Mono: successfully reloaded assembly
- Completed reload, in  0.821 seconds
Platform modules already initialized, skipping
Refreshing native plugins compatible for Editor in 0.23 ms, found 0 plugins.
Preloading 0 native plugins for Editor in 0.00 ms.
Unloading 1110 Unused Serialized files (Serialized files now loaded: 0)
System memory in use before: 56.9 MB.
System memory in use after: 57.0 MB.

Unloading 4 unused Assets to reduce memory usage. Loaded Objects now: 1568.
Total: 1.812200 ms (FindLiveObjects: 0.146700 ms CreateObjectMapping: 0.039900 ms MarkObjects: 1.592200 ms  DeleteObjects: 0.032200 ms)

